2024-01-15 19:41:32,013 - INFO - Scraped 2 unique emails from https://marshlandfishing.com/
2024-02-23 15:57:40,035 - INFO - No emails found on https://alexanderfn.com/
2024-02-23 15:59:12,673 - INFO - Scraped 28 unique emails from https://www.ansn.ca/contact/eop-members/
2024-03-01 16:43:56,550 - INFO - Scraped 2 unique emails from https://www.albertalawoffice.ca/
2025-08-29 13:45:46,904 - INFO - Attempting to scrape https://httpbin.org/html using requests and BeautifulSoup...
2025-08-29 13:45:48,405 - INFO - No emails found on https://httpbin.org/html
2025-08-29 13:57:44,116 - INFO - Attempting to scrape https://httpbin.org/html using requests and BeautifulSoup...
2025-08-29 13:57:48,051 - INFO - No emails found on https://httpbin.org/html
2025-08-29 13:58:08,220 - INFO - Attempting to scrape https://example.com using requests and BeautifulSoup...
2025-08-29 13:58:08,727 - INFO - No emails found on https://example.com
2025-08-29 14:00:17,264 - INFO - Attempting to scrape https://www.wheatlandroofing.com/ using requests and BeautifulSoup...
2025-08-29 14:00:17,685 - INFO - No emails found on https://www.wheatlandroofing.com/
2025-08-29 14:00:25,892 - INFO - Attempting to scrape https://www.wheatlandroofing.com/ using requests and BeautifulSoup...
2025-08-29 14:00:26,286 - INFO - No emails found on https://www.wheatlandroofing.com/
2025-08-29 14:03:03,186 - INFO - Attempting to scrape https://httpbin.org/html using requests and BeautifulSoup...
2025-08-29 14:03:04,488 - INFO - No emails found on https://httpbin.org/html
2025-08-29 14:04:45,585 - INFO - Attempting to scrape https://httpbin.org/html using requests and BeautifulSoup...
2025-08-29 14:04:46,039 - INFO - No emails found on https://httpbin.org/html
2025-08-29 14:06:20,269 - INFO - Attempting to scrape https://www.wheatlandroofing.com/ using requests and BeautifulSoup...
2025-08-29 14:07:00,109 - ERROR - Request failed for https://www.wheatlandroofing.com/: HTTPSConnectionPool(host='www.wheatlandroofing.com', port=443): Read timed out. (read timeout=30)
2025-08-29 14:08:24,157 - INFO - Attempting to scrape https://www.wheatlandroofing.com/ using requests and BeautifulSoup...
2025-08-29 14:08:24,789 - INFO - No emails found on https://www.wheatlandroofing.com/
2025-08-29 14:08:25,795 - INFO - Attempting to scrape https://www.wheatlandroofing.com/services/leaf-guard-regina using requests and BeautifulSoup...
2025-08-29 14:08:27,261 - INFO - No emails found on https://www.wheatlandroofing.com/services/leaf-guard-regina
2025-08-29 14:08:28,266 - INFO - Attempting to scrape https://www.wheatlandroofing.com/fort-quapelle/roofing using requests and BeautifulSoup...
2025-08-29 14:08:32,850 - INFO - No emails found on https://www.wheatlandroofing.com/fort-quapelle/roofing
2025-08-29 14:08:33,856 - INFO - Attempting to scrape https://www.wheatlandroofing.com/why-us/showroom using requests and BeautifulSoup...
2025-08-29 14:08:34,880 - INFO - No emails found on https://www.wheatlandroofing.com/why-us/showroom
2025-08-29 14:08:35,886 - INFO - Attempting to scrape https://www.wheatlandroofing.com/services/insulation-regina using requests and BeautifulSoup...
2025-08-29 14:08:36,598 - INFO - No emails found on https://www.wheatlandroofing.com/services/insulation-regina
2025-08-29 14:15:37,553 - INFO - Attempting to scrape https://roofmart.ca/ using requests and BeautifulSoup...
2025-08-29 14:15:39,009 - INFO - No emails found on https://roofmart.ca/
2025-08-29 14:15:40,015 - INFO - Attempting to scrape https://roofmart.ca/new-partnership using requests and BeautifulSoup...
2025-08-29 14:15:40,994 - INFO - No emails found on https://roofmart.ca/new-partnership
2025-08-29 14:15:42,000 - INFO - Attempting to scrape https://roofmart.ca/about using requests and BeautifulSoup...
2025-08-29 14:15:42,922 - INFO - No emails found on https://roofmart.ca/about
2025-08-29 14:15:43,928 - INFO - Attempting to scrape https://roofmart.ca using requests and BeautifulSoup...
2025-08-29 14:15:45,070 - INFO - No emails found on https://roofmart.ca
2025-08-29 14:15:46,076 - INFO - Attempting to scrape https://roofmart.ca/the-top-3-amazing-facts-about-iko-dynasty-roofing-shingles using requests and BeautifulSoup...
2025-08-29 14:15:46,615 - INFO - No emails found on https://roofmart.ca/the-top-3-amazing-facts-about-iko-dynasty-roofing-shingles
2025-08-29 14:15:47,620 - INFO - Attempting to scrape https://roofmart.ca/terms-of-sale using requests and BeautifulSoup...
2025-08-29 14:15:48,595 - INFO - No emails found on https://roofmart.ca/terms-of-sale
2025-08-29 14:15:49,601 - INFO - Attempting to scrape https://roofmart.ca/contact using requests and BeautifulSoup...
2025-08-29 14:15:50,218 - INFO - No emails found on https://roofmart.ca/contact
2025-08-29 14:15:51,224 - INFO - Attempting to scrape https://roofmart.ca/how-prozone-and-ordertrax-benefit-roofmart-customers using requests and BeautifulSoup...
2025-08-29 14:15:51,668 - INFO - No emails found on https://roofmart.ca/how-prozone-and-ordertrax-benefit-roofmart-customers
2025-08-29 14:15:52,673 - INFO - Attempting to scrape https://roofmart.ca/important-update-on-pricing-supply-us-canada-tariffs using requests and BeautifulSoup...
2025-08-29 14:15:53,155 - INFO - No emails found on https://roofmart.ca/important-update-on-pricing-supply-us-canada-tariffs
2025-08-29 14:15:54,161 - INFO - Attempting to scrape https://roofmart.ca/resources using requests and BeautifulSoup...
2025-08-29 14:15:54,819 - INFO - No emails found on https://roofmart.ca/resources
2025-08-29 14:26:30,641 - INFO - Attempting to scrape https://www.pro-west.ca/ using requests and BeautifulSoup...
2025-08-29 14:26:30,995 - INFO - Scraped 4 new unique emails from https://www.pro-west.ca/
2025-08-29 14:26:32,000 - INFO - Attempting to scrape https://www.pro-west.ca/parts using requests and BeautifulSoup...
2025-08-29 14:26:32,301 - INFO - Scraped 0 new unique emails from https://www.pro-west.ca/parts
2025-08-29 14:26:33,307 - INFO - Attempting to scrape https://www.pro-west.ca/espar using requests and BeautifulSoup...
2025-08-29 14:26:33,670 - INFO - Scraped 0 new unique emails from https://www.pro-west.ca/espar
2025-08-29 14:26:34,675 - INFO - Attempting to scrape https://www.pro-west.ca/qbd using requests and BeautifulSoup...
2025-08-29 14:26:35,007 - INFO - Scraped 0 new unique emails from https://www.pro-west.ca/qbd
2025-08-29 14:26:36,012 - INFO - Attempting to scrape https://www.pro-west.ca/moncton using requests and BeautifulSoup...
2025-08-29 14:26:36,294 - INFO - Scraped 2 new unique emails from https://www.pro-west.ca/moncton
2025-08-29 14:26:37,299 - INFO - Attempting to scrape https://www.pro-west.ca/bergstrom using requests and BeautifulSoup...
2025-08-29 14:26:37,636 - INFO - Scraped 0 new unique emails from https://www.pro-west.ca/bergstrom
2025-08-29 14:26:38,641 - INFO - Attempting to scrape https://www.pro-west.ca/home using requests and BeautifulSoup...
2025-08-29 14:26:39,080 - INFO - Scraped 0 new unique emails from https://www.pro-west.ca/home
2025-08-29 14:26:40,085 - INFO - Attempting to scrape https://www.pro-west.ca/sheet-metal1 using requests and BeautifulSoup...
2025-08-29 14:26:40,838 - INFO - Scraped 0 new unique emails from https://www.pro-west.ca/sheet-metal1
2025-08-29 14:26:41,843 - INFO - Attempting to scrape https://www.pro-west.ca/regina using requests and BeautifulSoup...
2025-08-29 14:26:42,161 - INFO - Scraped 2 new unique emails from https://www.pro-west.ca/regina
2025-08-29 14:26:43,167 - INFO - Attempting to scrape https://www.pro-west.ca/commercial using requests and BeautifulSoup...
2025-08-29 14:26:43,434 - INFO - Scraped 0 new unique emails from https://www.pro-west.ca/commercial
2025-08-29 14:57:21,684 - INFO - Attempting to scrape https://www.dun-ritevac.com using requests and BeautifulSoup...
2025-08-29 14:57:22,256 - INFO - Scraped 5 new unique emails from https://www.dun-ritevac.com
2025-08-29 14:57:23,261 - INFO - Attempting to scrape https://www.dun-ritevac.com/air-duct-cleaning-yorkton using requests and BeautifulSoup...
2025-08-29 14:57:24,184 - INFO - Scraped 0 new unique emails from https://www.dun-ritevac.com/air-duct-cleaning-yorkton
2025-08-29 14:57:25,190 - INFO - Attempting to scrape https://www.dun-ritevac.com/air-duct-cleaning-weyburn using requests and BeautifulSoup...
2025-08-29 14:57:26,095 - INFO - Scraped 0 new unique emails from https://www.dun-ritevac.com/air-duct-cleaning-weyburn
2025-08-29 14:57:27,100 - INFO - Attempting to scrape https://www.dun-ritevac.com/dryer-vent-cleaning using requests and BeautifulSoup...
2025-08-29 14:57:28,058 - INFO - Scraped 0 new unique emails from https://www.dun-ritevac.com/dryer-vent-cleaning
2025-08-29 14:57:29,064 - INFO - Attempting to scrape https://www.dun-ritevac.com/central-vac-cleaning using requests and BeautifulSoup...
2025-08-29 14:57:29,986 - INFO - Scraped 0 new unique emails from https://www.dun-ritevac.com/central-vac-cleaning
2025-08-29 14:57:30,992 - INFO - Attempting to scrape https://www.dun-ritevac.com/residential-furnace-duct-cleaning using requests and BeautifulSoup...
2025-08-29 14:57:31,903 - INFO - Scraped 0 new unique emails from https://www.dun-ritevac.com/residential-furnace-duct-cleaning
2025-08-29 14:57:32,909 - INFO - Attempting to scrape https://www.dun-ritevac.com/blog using requests and BeautifulSoup...
2025-08-29 14:57:33,801 - INFO - Scraped 0 new unique emails from https://www.dun-ritevac.com/blog
2025-08-29 14:57:34,807 - INFO - Attempting to scrape https://www.dun-ritevac.com/yorkton-location using requests and BeautifulSoup...
2025-08-29 14:57:35,702 - INFO - Scraped 1 new unique emails from https://www.dun-ritevac.com/yorkton-location
2025-08-29 14:57:36,708 - INFO - Attempting to scrape https://www.dun-ritevac.com/privacy-policy using requests and BeautifulSoup...
2025-08-29 14:57:37,627 - INFO - Scraped 0 new unique emails from https://www.dun-ritevac.com/privacy-policy
2025-08-29 14:57:38,633 - INFO - Attempting to scrape https://www.dun-ritevac.com/employment using requests and BeautifulSoup...
2025-08-29 14:57:39,526 - INFO - Scraped 0 new unique emails from https://www.dun-ritevac.com/employment
2025-08-29 15:40:01,977 - INFO - Attempting to scrape https://sterlingplumbing.ca/ using requests and BeautifulSoup...
2025-08-29 15:40:02,524 - INFO - No emails found on https://sterlingplumbing.ca/
2025-08-29 15:40:03,530 - INFO - Attempting to scrape https://sterlingplumbing.ca/sterling-projects using requests and BeautifulSoup...
2025-08-29 15:40:04,352 - INFO - No emails found on https://sterlingplumbing.ca/sterling-projects
2025-08-29 15:40:05,358 - INFO - Attempting to scrape https://sterlingplumbing.ca/boilers using requests and BeautifulSoup...
2025-08-29 15:40:06,270 - INFO - No emails found on https://sterlingplumbing.ca/boilers
2025-08-29 15:40:07,275 - INFO - Attempting to scrape https://sterlingplumbing.ca/electrical using requests and BeautifulSoup...
2025-08-29 15:40:08,193 - INFO - No emails found on https://sterlingplumbing.ca/electrical
2025-08-29 15:40:09,199 - INFO - Attempting to scrape https://sterlingplumbing.ca/a-c-maintenance using requests and BeautifulSoup...
2025-08-29 15:40:10,033 - INFO - No emails found on https://sterlingplumbing.ca/a-c-maintenance
2025-08-29 15:40:11,039 - INFO - Attempting to scrape https://sterlingplumbing.ca/plumbing using requests and BeautifulSoup...
2025-08-29 15:40:11,930 - INFO - No emails found on https://sterlingplumbing.ca/plumbing
2025-08-29 15:40:12,935 - INFO - Attempting to scrape https://sterlingplumbing.ca using requests and BeautifulSoup...
2025-08-29 15:40:13,491 - INFO - No emails found on https://sterlingplumbing.ca
2025-08-29 15:40:14,496 - INFO - Attempting to scrape https://sterlingplumbing.ca/contact-us using requests and BeautifulSoup...
2025-08-29 15:40:15,719 - INFO - Scraped 2 new unique emails from https://sterlingplumbing.ca/contact-us
2025-08-29 15:40:16,724 - INFO - Attempting to scrape https://sterlingplumbing.ca/careers using requests and BeautifulSoup...
2025-08-29 15:40:17,906 - INFO - No emails found on https://sterlingplumbing.ca/careers
2025-08-29 15:40:18,911 - INFO - Attempting to scrape https://sterlingplumbing.ca/water-filtration using requests and BeautifulSoup...
2025-08-29 15:40:19,825 - INFO - No emails found on https://sterlingplumbing.ca/water-filtration
2025-08-29 15:41:48,885 - INFO - Attempting to scrape https://sterlingplumbing.ca/ using requests and BeautifulSoup...
2025-08-29 15:41:50,724 - INFO - No emails found on https://sterlingplumbing.ca/
2025-08-29 15:41:51,729 - INFO - Attempting to scrape https://sterlingplumbing.ca using requests and BeautifulSoup...
2025-08-29 15:41:52,339 - INFO - No emails found on https://sterlingplumbing.ca
2025-08-29 15:41:53,344 - INFO - Attempting to scrape https://sterlingplumbing.ca/a-c-maintenance using requests and BeautifulSoup...
2025-08-29 15:41:54,206 - INFO - No emails found on https://sterlingplumbing.ca/a-c-maintenance
2025-08-29 15:41:55,211 - INFO - Attempting to scrape https://sterlingplumbing.ca/a-c using requests and BeautifulSoup...
2025-08-29 15:41:56,168 - INFO - No emails found on https://sterlingplumbing.ca/a-c
2025-08-29 15:41:57,173 - INFO - Attempting to scrape https://sterlingplumbing.ca/water-filtration using requests and BeautifulSoup...
2025-08-29 15:41:59,116 - INFO - No emails found on https://sterlingplumbing.ca/water-filtration
2025-08-29 15:42:00,120 - INFO - Attempting to scrape https://sterlingplumbing.ca/contact-us using requests and BeautifulSoup...
2025-08-29 15:42:01,442 - INFO - Scraped 2 new unique emails from https://sterlingplumbing.ca/contact-us
2025-08-29 15:42:02,444 - INFO - Attempting to scrape https://sterlingplumbing.ca/furnace-maintenance using requests and BeautifulSoup...
2025-08-29 15:42:03,277 - INFO - No emails found on https://sterlingplumbing.ca/furnace-maintenance
2025-08-29 15:42:04,279 - INFO - Attempting to scrape https://sterlingplumbing.ca/information-resource using requests and BeautifulSoup...
2025-08-29 15:42:05,624 - INFO - No emails found on https://sterlingplumbing.ca/information-resource
2025-08-29 15:42:06,629 - INFO - Attempting to scrape https://sterlingplumbing.ca/water-heaters-rent-or-buy using requests and BeautifulSoup...
2025-08-29 15:42:07,721 - INFO - No emails found on https://sterlingplumbing.ca/water-heaters-rent-or-buy
2025-08-29 15:42:08,727 - INFO - Attempting to scrape https://sterlingplumbing.ca/water-heater-repair using requests and BeautifulSoup...
2025-08-29 15:42:10,168 - INFO - No emails found on https://sterlingplumbing.ca/water-heater-repair
2025-08-29 15:43:32,224 - INFO - Attempting to scrape https://sterlingplumbing.ca/ using requests and BeautifulSoup...
2025-08-29 15:43:32,800 - INFO - No emails found on https://sterlingplumbing.ca/
2025-08-29 15:43:33,805 - INFO - Attempting to scrape https://sterlingplumbing.ca/furnace-rent-or-buy using requests and BeautifulSoup...
2025-08-29 15:43:34,555 - INFO - No emails found on https://sterlingplumbing.ca/furnace-rent-or-buy
2025-08-29 15:43:35,560 - INFO - Attempting to scrape https://sterlingplumbing.ca/promotions using requests and BeautifulSoup...
2025-08-29 15:43:36,399 - INFO - No emails found on https://sterlingplumbing.ca/promotions
2025-08-29 15:43:37,405 - INFO - Attempting to scrape https://sterlingplumbing.ca/a-c using requests and BeautifulSoup...
2025-08-29 15:43:38,227 - INFO - No emails found on https://sterlingplumbing.ca/a-c
2025-08-29 15:43:39,232 - INFO - Attempting to scrape https://sterlingplumbing.ca/contact-us using requests and BeautifulSoup...
2025-08-29 15:43:40,093 - INFO - Scraped 2 new unique emails from https://sterlingplumbing.ca/contact-us
2025-08-29 15:43:41,098 - INFO - Attempting to scrape https://sterlingplumbing.ca/water-filtration using requests and BeautifulSoup...
2025-08-29 15:43:41,995 - INFO - No emails found on https://sterlingplumbing.ca/water-filtration
2025-08-29 15:43:43,001 - INFO - Attempting to scrape https://sterlingplumbing.ca/sterling-care-maintenance-plans using requests and BeautifulSoup...
2025-08-29 15:43:43,863 - INFO - No emails found on https://sterlingplumbing.ca/sterling-care-maintenance-plans
2025-08-29 15:43:44,869 - INFO - Attempting to scrape https://sterlingplumbing.ca/electrical using requests and BeautifulSoup...
2025-08-29 15:43:45,858 - INFO - No emails found on https://sterlingplumbing.ca/electrical
2025-08-29 15:43:46,862 - INFO - Attempting to scrape https://sterlingplumbing.ca/water-heaters-general using requests and BeautifulSoup...
2025-08-29 15:43:47,925 - INFO - No emails found on https://sterlingplumbing.ca/water-heaters-general
2025-08-29 15:43:48,931 - INFO - Attempting to scrape https://sterlingplumbing.ca/boilers using requests and BeautifulSoup...
2025-08-29 15:43:49,829 - INFO - No emails found on https://sterlingplumbing.ca/boilers
